<?xml version="1.0" encoding="UTF-8"?>
<Site BuildName="Linux-c++"
	BuildStamp="20190314-1026-Experimental"
	Name="osboxes"
	Generator="ctest-3.5.1"
	CompilerName="/usr/lib/ccache/c++"
	CompilerVersion="5.4.0"
	OSName="Linux"
	Hostname="osboxes"
	OSRelease="4.15.0-46-generic"
	OSVersion="#49~16.04.1-Ubuntu SMP Tue Feb 12 17:45:24 UTC 2019"
	OSPlatform="x86_64"
	Is64Bits="1"
	VendorString="GenuineIntel"
	VendorID="Intel Corporation"
	FamilyID="6"
	ModelID="94"
	ProcessorCacheSize="6144"
	NumberOfLogicalCPU="8"
	NumberOfPhysicalCPU="8"
	TotalVirtualMemory="5722"
	TotalPhysicalMemory="8531"
	LogicalProcessorsPerPhysical="1"
	ProcessorClockFrequency="2601"
	>
	<Testing>
		<StartDateTime>Mar 14 06:26 EDT</StartDateTime>
		<StartTestTime>1552559207</StartTestTime>
		<TestList>
			<Test>./TutorialRuns</Test>
			<Test>./TutorialComp_25</Test>
			<Test>./TutorialNegative</Test>
			<Test>./TutorialSmall</Test>
			<Test>./TutorialUsage</Test>
			<Test>./TutorialComp25</Test>
			<Test>./TutorialComp-25</Test>
		</TestList>
		<Test Status="passed">
			<Name>TutorialRuns</Name>
			<Path>.</Path>
			<FullName>./TutorialRuns</FullName>
			<FullCommandLine>/home/osboxes/isprobavanje_cmake/Primjer/build/Tutorial "25"</FullCommandLine>
			<Results>
				<NamedMeasurement type="numeric/double" name="Execution Time">
					<Value>0.00259209</Value>
				</NamedMeasurement>
				<NamedMeasurement type="text/string" name="Completion Status">
					<Value>Completed</Value>
				</NamedMeasurement>
				<NamedMeasurement type="text/string" name="Command Line">
					<Value>/home/osboxes/isprobavanje_cmake/Primjer/build/Tutorial "25"</Value>
				</NamedMeasurement>
				<Measurement>
					<Value>Using my math 
The square root of 25 is 5
</Value>
				</Measurement>
			</Results>
		</Test>
		<Test Status="passed">
			<Name>TutorialComp_25</Name>
			<Path>.</Path>
			<FullName>./TutorialComp_25</FullName>
			<FullCommandLine>/home/osboxes/isprobavanje_cmake/Primjer/build/Tutorial "25"</FullCommandLine>
			<Results>
				<NamedMeasurement type="numeric/double" name="Execution Time">
					<Value>0.00243807</Value>
				</NamedMeasurement>
				<NamedMeasurement type="text/string" name="Pass Reason">
					<Value>Required regular expression found.Regex=[25 is 5
]</Value>
				</NamedMeasurement>
				<NamedMeasurement type="text/string" name="Completion Status">
					<Value>Completed</Value>
				</NamedMeasurement>
				<NamedMeasurement type="text/string" name="Command Line">
					<Value>/home/osboxes/isprobavanje_cmake/Primjer/build/Tutorial "25"</Value>
				</NamedMeasurement>
				<Measurement>
					<Value>Using my math 
The square root of 25 is 5
</Value>
				</Measurement>
			</Results>
		</Test>
		<Test Status="failed">
			<Name>TutorialNegative</Name>
			<Path>.</Path>
			<FullName>./TutorialNegative</FullName>
			<FullCommandLine>/home/osboxes/isprobavanje_cmake/Primjer/build/Tutorial "-25"</FullCommandLine>
			<Results>
				<NamedMeasurement type="text/string" name="Exit Code">
					<Value>Failed</Value>
				</NamedMeasurement>
				<NamedMeasurement type="text/string" name="Exit Value">
					<Value>0</Value>
				</NamedMeasurement>
				<NamedMeasurement type="numeric/double" name="Execution Time">
					<Value>0.00291896</Value>
				</NamedMeasurement>
				<NamedMeasurement type="text/string" name="Fail Reason">
					<Value>Required regular expression not found.Regex=[-25 is 0
]</Value>
				</NamedMeasurement>
				<NamedMeasurement type="text/string" name="Completion Status">
					<Value>Completed</Value>
				</NamedMeasurement>
				<NamedMeasurement type="text/string" name="Command Line">
					<Value>/home/osboxes/isprobavanje_cmake/Primjer/build/Tutorial "-25"</Value>
				</NamedMeasurement>
				<Measurement>
					<Value>Using my math 
The square root of -25 is -nan
</Value>
				</Measurement>
			</Results>
		</Test>
		<Test Status="passed">
			<Name>TutorialSmall</Name>
			<Path>.</Path>
			<FullName>./TutorialSmall</FullName>
			<FullCommandLine>/home/osboxes/isprobavanje_cmake/Primjer/build/Tutorial "0.0001"</FullCommandLine>
			<Results>
				<NamedMeasurement type="numeric/double" name="Execution Time">
					<Value>0.00389481</Value>
				</NamedMeasurement>
				<NamedMeasurement type="text/string" name="Pass Reason">
					<Value>Required regular expression found.Regex=[0.0001 is 0.01
]</Value>
				</NamedMeasurement>
				<NamedMeasurement type="text/string" name="Completion Status">
					<Value>Completed</Value>
				</NamedMeasurement>
				<NamedMeasurement type="text/string" name="Command Line">
					<Value>/home/osboxes/isprobavanje_cmake/Primjer/build/Tutorial "0.0001"</Value>
				</NamedMeasurement>
				<Measurement>
					<Value>Using my math 
The square root of 0.0001 is 0.01
</Value>
				</Measurement>
			</Results>
		</Test>
		<Test Status="passed">
			<Name>TutorialUsage</Name>
			<Path>.</Path>
			<FullName>./TutorialUsage</FullName>
			<FullCommandLine>/home/osboxes/isprobavanje_cmake/Primjer/build/Tutorial</FullCommandLine>
			<Results>
				<NamedMeasurement type="text/string" name="Exit Code">
					<Value>Completed</Value>
				</NamedMeasurement>
				<NamedMeasurement type="text/string" name="Exit Value">
					<Value>1</Value>
				</NamedMeasurement>
				<NamedMeasurement type="numeric/double" name="Execution Time">
					<Value>0.00358415</Value>
				</NamedMeasurement>
				<NamedMeasurement type="text/string" name="Pass Reason">
					<Value>Required regular expression found.Regex=[Usage:.*number
]</Value>
				</NamedMeasurement>
				<NamedMeasurement type="text/string" name="Completion Status">
					<Value>Completed</Value>
				</NamedMeasurement>
				<NamedMeasurement type="text/string" name="Command Line">
					<Value>/home/osboxes/isprobavanje_cmake/Primjer/build/Tutorial</Value>
				</NamedMeasurement>
				<Measurement>
					<Value>/home/osboxes/isprobavanje_cmake/Primjer/build/Tutorial Version 1.0 
Usage: /home/osboxes/isprobavanje_cmake/Primjer/build/Tutorial number
</Value>
				</Measurement>
			</Results>
		</Test>
		<Test Status="passed">
			<Name>TutorialComp25</Name>
			<Path>.</Path>
			<FullName>./TutorialComp25</FullName>
			<FullCommandLine>/home/osboxes/isprobavanje_cmake/Primjer/build/Tutorial "25"</FullCommandLine>
			<Results>
				<NamedMeasurement type="numeric/double" name="Execution Time">
					<Value>0.00366688</Value>
				</NamedMeasurement>
				<NamedMeasurement type="text/string" name="Pass Reason">
					<Value>Required regular expression found.Regex=[25 is 5
]</Value>
				</NamedMeasurement>
				<NamedMeasurement type="text/string" name="Completion Status">
					<Value>Completed</Value>
				</NamedMeasurement>
				<NamedMeasurement type="text/string" name="Command Line">
					<Value>/home/osboxes/isprobavanje_cmake/Primjer/build/Tutorial "25"</Value>
				</NamedMeasurement>
				<Measurement>
					<Value>Using my math 
The square root of 25 is 5
</Value>
				</Measurement>
			</Results>
		</Test>
		<Test Status="failed">
			<Name>TutorialComp-25</Name>
			<Path>.</Path>
			<FullName>./TutorialComp-25</FullName>
			<FullCommandLine>/home/osboxes/isprobavanje_cmake/Primjer/build/Tutorial "-25"</FullCommandLine>
			<Results>
				<NamedMeasurement type="text/string" name="Exit Code">
					<Value>Failed</Value>
				</NamedMeasurement>
				<NamedMeasurement type="text/string" name="Exit Value">
					<Value>0</Value>
				</NamedMeasurement>
				<NamedMeasurement type="numeric/double" name="Execution Time">
					<Value>0.003263</Value>
				</NamedMeasurement>
				<NamedMeasurement type="text/string" name="Fail Reason">
					<Value>Required regular expression not found.Regex=[-25 is 0
]</Value>
				</NamedMeasurement>
				<NamedMeasurement type="text/string" name="Completion Status">
					<Value>Completed</Value>
				</NamedMeasurement>
				<NamedMeasurement type="text/string" name="Command Line">
					<Value>/home/osboxes/isprobavanje_cmake/Primjer/build/Tutorial "-25"</Value>
				</NamedMeasurement>
				<Measurement>
					<Value>Using my math 
The square root of -25 is -nan
</Value>
				</Measurement>
			</Results>
		</Test>
		<EndDateTime>Mar 14 06:26 EDT</EndDateTime>
		<EndTestTime>1552559207</EndTestTime>
		<ElapsedMinutes>0</ElapsedMinutes>
	</Testing>
</Site>
